<?xml version="1.0" encoding="UTF-8"?>
<!-- Generated by org.testng.reporters.JUnitReportReporter -->
<testsuite skipped="0" hostname="Abhays-MacBook-Pro.local" name="YouTube" tests="1" failures="0" timestamp="2020-05-12T23:24:58 IST" time="13.469" errors="0">
  <testcase name="Login" time="13.469" classname="YouTube"/>
  <system-out/>
</testsuite> <!-- YouTube -->
