<?xml version="1.0" encoding="UTF-8"?>
<!-- Generated by org.testng.reporters.JUnitReportReporter -->
<testsuite skipped="0" hostname="Abhays-MacBook-Pro.local" name="com.abkus1.training.testng.YTVideoClick" tests="1" failures="0" timestamp="2020-05-16T20:27:19 IST" time="63.698" errors="0">
  <testcase name="validateGoogleId" time="63.698" classname="com.abkus1.training.testng.YTVideoClick"/>
  <system-out/>
</testsuite> <!-- com.abkus1.training.testng.YTVideoClick -->
