<?xml version="1.0" encoding="UTF-8"?>
<!-- Generated by org.testng.reporters.JUnitReportReporter -->
<testsuite skipped="0" hostname="Abhays-MacBook-Pro.local" name="com.abkus1.training.testng.YTVideoClick" tests="1" failures="0" timestamp="2020-05-23T13:39:21 IST" time="61.594" errors="0">
  <testcase name="validateGoogleId" time="61.594" classname="com.abkus1.training.testng.YTVideoClick"/>
  <system-out/>
</testsuite> <!-- com.abkus1.training.testng.YTVideoClick -->
